LTspice 24.0.9 for Windows
Circuit: * C:\glade6_win64\Progetto\LTSpice\Buffer_config.asc
Start Time: Fri Jul  5 10:47:25 2024
Ignoring BSIM parameter XL
Ignoring BSIM parameter XW
Ignoring BSIM parameter XL
Ignoring BSIM parameter XW
solver = Normal
Maximum thread count: 8
tnom = 27
temp = 27
method = modified trap
Warning: Pd = 0 is less than W.
Warning: Ps = 0 is less than W.
Warning: Pd = 0 is less than W.
Warning: Ps = 0 is less than W.
Warning: Pd = 0 is less than W.
Warning: Ps = 0 is less than W.
Warning: Pd = 0 is less than W.
Warning: Ps = 0 is less than W.
Warning: Pd = 0 is less than W.
Warning: Ps = 0 is less than W.
Warning: Pd = 0 is less than W.
Warning: Ps = 0 is less than W.
Total elapsed time: 0.229 seconds.

